  [1m[35m (337.1ms)[0m  [1m[35mCREATE DATABASE "TodoList_development" ENCODING = 'unicode'[0m
  ↳ bin/rails:9
  [1m[35m (370.5ms)[0m  [1m[35mCREATE DATABASE "TodoList_test" ENCODING = 'unicode'[0m
  ↳ bin/rails:9
  [1m[35m (18.5ms)[0m  [1m[35mCREATE TABLE "schema_migrations" ("version" character varying NOT NULL PRIMARY KEY)[0m
  ↳ bin/rails:9
  [1m[35m (7.2ms)[0m  [1m[35mCREATE TABLE "ar_internal_metadata" ("key" character varying NOT NULL PRIMARY KEY, "value" character varying, "created_at" timestamp NOT NULL, "updated_at" timestamp NOT NULL)[0m
  ↳ bin/rails:9
  [1m[35m (0.9ms)[0m  [1m[34mSELECT pg_try_advisory_lock(2824567156674037005)[0m
  ↳ bin/rails:9
  [1m[35m (2.0ms)[0m  [1m[34mSELECT "schema_migrations"."version" FROM "schema_migrations" ORDER BY "schema_migrations"."version" ASC[0m
  ↳ bin/rails:9
Migrating to CreateTodos (20211111224438)
  [1m[35m (0.8ms)[0m  [1m[34mSELECT pg_advisory_unlock(2824567156674037005)[0m
  ↳ bin/rails:9
  [1m[35m (3.6ms)[0m  [1m[35mCREATE DATABASE "TodoList_development" ENCODING = 'unicode'[0m
  ↳ bin/rails:9
  [1m[35m (13.3ms)[0m  [1m[35mCREATE DATABASE "TodoList_test" ENCODING = 'unicode'[0m
  ↳ bin/rails:9
  [1m[35m (1.1ms)[0m  [1m[34mSELECT "schema_migrations"."version" FROM "schema_migrations" ORDER BY "schema_migrations"."version" ASC[0m
  ↳ bin/rails:9
  [1m[35m (0.6ms)[0m  [1m[34mSELECT "schema_migrations"."version" FROM "schema_migrations" ORDER BY "schema_migrations"."version" ASC[0m
  ↳ bin/rails:9
  [1m[35m (1.6ms)[0m  [1m[34mSELECT "schema_migrations"."version" FROM "schema_migrations" ORDER BY "schema_migrations"."version" ASC[0m
  ↳ bin/rails:9
  [1m[35m (0.3ms)[0m  [1m[34mSELECT "schema_migrations"."version" FROM "schema_migrations" ORDER BY "schema_migrations"."version" ASC[0m
  ↳ bin/rails:9
  [1m[35m (0.2ms)[0m  [1m[34mSELECT pg_try_advisory_lock(2824567156674037005)[0m
  ↳ bin/rails:9
  [1m[35m (0.2ms)[0m  [1m[34mSELECT "schema_migrations"."version" FROM "schema_migrations" ORDER BY "schema_migrations"."version" ASC[0m
  ↳ bin/rails:9
  [1m[35m (0.3ms)[0m  [1m[34mSELECT pg_advisory_unlock(2824567156674037005)[0m
  ↳ bin/rails:9
  [1m[35m (0.4ms)[0m  [1m[34mSELECT "schema_migrations"."version" FROM "schema_migrations" ORDER BY "schema_migrations"."version" ASC[0m
  ↳ bin/rails:9
  [1m[35m (1.0ms)[0m  [1m[34mSELECT pg_try_advisory_lock(2824567156674037005)[0m
  ↳ bin/rails:9
  [1m[35m (1.5ms)[0m  [1m[34mSELECT "schema_migrations"."version" FROM "schema_migrations" ORDER BY "schema_migrations"."version" ASC[0m
  ↳ bin/rails:9
Migrating to CreateTodos (20211111224438)
  [1m[35m (0.6ms)[0m  [1m[35mBEGIN[0m
  ↳ bin/rails:9
  [1m[35m (18.3ms)[0m  [1m[35mCREATE TABLE "todos" ("id" bigserial primary key, "title" character varying NOT NULL, "body" character varying NOT NULL, "done" boolean NOT NULL, "created_at" timestamp NOT NULL, "updated_at" timestamp NOT NULL)[0m
  ↳ db/migrate/20211111224438_create_todos.rb:3
  [1m[36mActiveRecord::SchemaMigration Create (6.8ms)[0m  [1m[32mINSERT INTO "schema_migrations" ("version") VALUES ($1) RETURNING "version"[0m  [["version", "20211111224438"]]
  ↳ bin/rails:9
  [1m[35m (4.2ms)[0m  [1m[35mCOMMIT[0m
  ↳ bin/rails:9
  [1m[36mActiveRecord::InternalMetadata Load (0.8ms)[0m  [1m[34mSELECT  "ar_internal_metadata".* FROM "ar_internal_metadata" WHERE "ar_internal_metadata"."key" = $1 LIMIT $2[0m  [["key", "environment"], ["LIMIT", 1]]
  ↳ bin/rails:9
  [1m[35m (0.3ms)[0m  [1m[35mBEGIN[0m
  ↳ bin/rails:9
  [1m[36mActiveRecord::InternalMetadata Create (2.3ms)[0m  [1m[32mINSERT INTO "ar_internal_metadata" ("key", "value", "created_at", "updated_at") VALUES ($1, $2, $3, $4) RETURNING "key"[0m  [["key", "environment"], ["value", "development"], ["created_at", "2021-11-11 22:53:01.100882"], ["updated_at", "2021-11-11 22:53:01.100882"]]
  ↳ bin/rails:9
  [1m[35m (1.4ms)[0m  [1m[35mCOMMIT[0m
  ↳ bin/rails:9
  [1m[35m (0.3ms)[0m  [1m[34mSELECT pg_advisory_unlock(2824567156674037005)[0m
  ↳ bin/rails:9
  [1m[35m (0.6ms)[0m  [1m[34mSELECT "schema_migrations"."version" FROM "schema_migrations" ORDER BY "schema_migrations"."version" ASC[0m
  ↳ bin/rails:9
  [1m[35m (2.4ms)[0m  [1m[34mSELECT "schema_migrations"."version" FROM "schema_migrations" ORDER BY "schema_migrations"."version" ASC[0m
  ↳ bin/rails:9
  [1m[35m (3.4ms)[0m  [1m[34mSELECT "schema_migrations"."version" FROM "schema_migrations" ORDER BY "schema_migrations"."version" ASC[0m
  ↳ bin/rails:9
  [1m[35m (1.1ms)[0m  [1m[34mSELECT "schema_migrations"."version" FROM "schema_migrations" ORDER BY "schema_migrations"."version" ASC[0m
  ↳ bin/rails:9
  [1m[35m (1.6ms)[0m  [1m[35mBEGIN[0m
  ↳ db/seeds.rb:9
  [1m[36mTodo Create (3.2ms)[0m  [1m[32mINSERT INTO "todos" ("title", "body", "done", "created_at", "updated_at") VALUES ($1, $2, $3, $4, $5) RETURNING "id"[0m  [["title", "one thing"], ["body", "something to do"], ["done", false], ["created_at", "2021-11-11 23:25:06.903881"], ["updated_at", "2021-11-11 23:25:06.903881"]]
  ↳ db/seeds.rb:9
  [1m[35m (1.1ms)[0m  [1m[35mCOMMIT[0m
  ↳ db/seeds.rb:9
  [1m[35m (0.2ms)[0m  [1m[35mBEGIN[0m
  ↳ db/seeds.rb:9
  [1m[36mTodo Create (0.3ms)[0m  [1m[32mINSERT INTO "todos" ("title", "body", "done", "created_at", "updated_at") VALUES ($1, $2, $3, $4, $5) RETURNING "id"[0m  [["title", "bake"], ["body", "cake"], ["done", false], ["created_at", "2021-11-11 23:25:06.911231"], ["updated_at", "2021-11-11 23:25:06.911231"]]
  ↳ db/seeds.rb:9
  [1m[35m (0.4ms)[0m  [1m[35mCOMMIT[0m
  ↳ db/seeds.rb:9
  [1m[35m (0.1ms)[0m  [1m[35mBEGIN[0m
  ↳ db/seeds.rb:9
  [1m[36mTodo Create (0.3ms)[0m  [1m[32mINSERT INTO "todos" ("title", "body", "done", "created_at", "updated_at") VALUES ($1, $2, $3, $4, $5) RETURNING "id"[0m  [["title", "change tire"], ["body", "to the shop"], ["done", true], ["created_at", "2021-11-11 23:25:06.913709"], ["updated_at", "2021-11-11 23:25:06.913709"]]
  ↳ db/seeds.rb:9
  [1m[35m (0.3ms)[0m  [1m[35mCOMMIT[0m
  ↳ db/seeds.rb:9
  [1m[36mTodo Load (2.2ms)[0m  [1m[34mSELECT "todos".* FROM "todos"[0m
Started GET "/" for ::1 at 2021-11-11 15:27:53 -0800
  [1m[35m (3.2ms)[0m  [1m[34mSELECT "schema_migrations"."version" FROM "schema_migrations" ORDER BY "schema_migrations"."version" ASC[0m
  ↳ /Users/kathywu/.rbenv/versions/2.5.1/lib/ruby/gems/2.5.0/gems/activerecord-5.2.6/lib/active_record/log_subscriber.rb:98
Processing by StaticPagesController#root as HTML
  Rendering static_pages/root.html.erb within layouts/application
  Rendered static_pages/root.html.erb within layouts/application (8.2ms)
Completed 500 Internal Server Error in 2071ms (ActiveRecord: 0.0ms)



Sprockets::FileNotFound - couldn't find file 'jquery-ujs' with type 'application/javascript'
Checked in these paths: 
  /Users/kathywu/Downloads/katherine_wu_app_academy/aa_classwork/week 11/D4/todos_skeleton/TodoList/app/assets/config
  /Users/kathywu/Downloads/katherine_wu_app_academy/aa_classwork/week 11/D4/todos_skeleton/TodoList/app/assets/images
  /Users/kathywu/Downloads/katherine_wu_app_academy/aa_classwork/week 11/D4/todos_skeleton/TodoList/app/assets/javascripts
  /Users/kathywu/Downloads/katherine_wu_app_academy/aa_classwork/week 11/D4/todos_skeleton/TodoList/app/assets/stylesheets
  /Users/kathywu/.rbenv/versions/2.5.1/lib/ruby/gems/2.5.0/gems/coffee-rails-4.2.2/lib/assets/javascripts
  /Users/kathywu/.rbenv/versions/2.5.1/lib/ruby/gems/2.5.0/gems/jquery-rails-4.4.0/vendor/assets/javascripts
  /Users/kathywu/.rbenv/versions/2.5.1/lib/ruby/gems/2.5.0/gems/actioncable-5.2.6/lib/assets/compiled
  /Users/kathywu/.rbenv/versions/2.5.1/lib/ruby/gems/2.5.0/gems/activestorage-5.2.6/app/assets/javascripts
  /Users/kathywu/.rbenv/versions/2.5.1/lib/ruby/gems/2.5.0/gems/actionview-5.2.6/lib/assets/compiled
  /Users/kathywu/Downloads/katherine_wu_app_academy/aa_classwork/week 11/D4/todos_skeleton/TodoList/node_modules:
  app/views/layouts/application.html.erb:8:in `_app_views_layouts_application_html_erb___4126073108366676355_70363477737140'
  app/controllers/static_pages_controller.rb:3:in `root'

Started POST "/__better_errors/2384850c5fe85a48/variables" for ::1 at 2021-11-11 15:27:56 -0800
Started GET "/" for ::1 at 2021-11-11 15:34:03 -0800
  [1m[35m (2.1ms)[0m  [1m[34mSELECT "schema_migrations"."version" FROM "schema_migrations" ORDER BY "schema_migrations"."version" ASC[0m
  ↳ /Users/kathywu/.rbenv/versions/2.5.1/lib/ruby/gems/2.5.0/gems/activerecord-5.2.6/lib/active_record/log_subscriber.rb:98
Processing by StaticPagesController#root as HTML
  Rendering static_pages/root.html.erb within layouts/application
  Rendered static_pages/root.html.erb within layouts/application (3.1ms)
Completed 500 Internal Server Error in 2591ms (ActiveRecord: 0.0ms)



Sprockets::FileNotFound - couldn't find file 'jquery-ujs' with type 'application/javascript'
Checked in these paths: 
  /Users/kathywu/Downloads/katherine_wu_app_academy/aa_classwork/week 11/D4/todos_skeleton/TodoList/app/assets/config
  /Users/kathywu/Downloads/katherine_wu_app_academy/aa_classwork/week 11/D4/todos_skeleton/TodoList/app/assets/images
  /Users/kathywu/Downloads/katherine_wu_app_academy/aa_classwork/week 11/D4/todos_skeleton/TodoList/app/assets/javascripts
  /Users/kathywu/Downloads/katherine_wu_app_academy/aa_classwork/week 11/D4/todos_skeleton/TodoList/app/assets/stylesheets
  /Users/kathywu/.rbenv/versions/2.5.1/lib/ruby/gems/2.5.0/gems/coffee-rails-4.2.2/lib/assets/javascripts
  /Users/kathywu/.rbenv/versions/2.5.1/lib/ruby/gems/2.5.0/gems/jquery-rails-4.4.0/vendor/assets/javascripts
  /Users/kathywu/.rbenv/versions/2.5.1/lib/ruby/gems/2.5.0/gems/actioncable-5.2.6/lib/assets/compiled
  /Users/kathywu/.rbenv/versions/2.5.1/lib/ruby/gems/2.5.0/gems/activestorage-5.2.6/app/assets/javascripts
  /Users/kathywu/.rbenv/versions/2.5.1/lib/ruby/gems/2.5.0/gems/actionview-5.2.6/lib/assets/compiled
  /Users/kathywu/.rbenv/versions/2.5.1/lib/ruby/gems/2.5.0/gems/rails-ujs-0.1.0/dist
  /Users/kathywu/Downloads/katherine_wu_app_academy/aa_classwork/week 11/D4/todos_skeleton/TodoList/node_modules:
  app/views/layouts/application.html.erb:8:in `_app_views_layouts_application_html_erb__1619803696153175888_70130497126000'
  app/controllers/static_pages_controller.rb:3:in `root'

Started POST "/__better_errors/6c61e4a8e9acc806/variables" for ::1 at 2021-11-11 15:34:08 -0800
Started GET "/" for ::1 at 2021-11-11 15:35:04 -0800
  [1m[35m (1.9ms)[0m  [1m[34mSELECT "schema_migrations"."version" FROM "schema_migrations" ORDER BY "schema_migrations"."version" ASC[0m
  ↳ /Users/kathywu/.rbenv/versions/2.5.1/lib/ruby/gems/2.5.0/gems/activerecord-5.2.6/lib/active_record/log_subscriber.rb:98
Processing by StaticPagesController#root as HTML
  Rendering static_pages/root.html.erb within layouts/application
  Rendered static_pages/root.html.erb within layouts/application (3.1ms)
Completed 200 OK in 5173ms (Views: 5168.3ms | ActiveRecord: 0.0ms)


Started GET "/api/todos" for ::1 at 2021-11-11 15:37:09 -0800
Processing by Api::TodosController#index as JSON
  [1m[36mTodo Load (1.4ms)[0m  [1m[34mSELECT "todos".* FROM "todos"[0m
  ↳ app/controllers/api/todos_controller.rb:8
Completed 200 OK in 80ms (Views: 29.5ms | ActiveRecord: 22.3ms)


